
ROM used:   1251/8192 (15%)
            1251/8192 (15%) including unused fragments

            1.1 Average locations per line
            11.6 Average locations per statement

RAM used:   23/368 (6%) at main() level
            46/368 (12%) worst case

Stack used: 1 worst case (0 in main + 1 for interrupts)
Stack size: 8

Lines Stmts  %   Files
----- ----- ---  -----
   48    24  22  main.c
   12     0   0  main.h
  661     0   0  ..\..\..\..\..\..\Program Files (x86)\PICC\Devices\16F877A.h
  456    84  78  ..\..\..\..\..\..\Program Files (x86)\PICC\Drivers\lcd.c
----- -----
 1177   108 Total

Page ROM  %  RAM   Vol Diff  Functions:
---- --- --- ---   --- ----  ----------
0     21   2    1             @delay_ms1
0      8   1    0             @const629
 Inline         3   596  5.9  lcd_read_byte
0      6   0    0    59  4.2  lcd_read_nibble
0     12   1    1   179  3.3  lcd_send_nibble
0     64   5    3   460  4.7  lcd_send_byte
0     69   6    2   667  5.9  lcd_init
0     18   1    4   208  6.3  lcd_gotoxy
0     50   4    1   354  4.7  lcd_putc
0     20   2    0    72  1.2  AD_isr
0    192  15    4   566  3.7  MAIN
0     10   1    0             @const665
0     77   6    4             @PSTRINGC7_647
0     31   2    2             @ITOF
0    117   9   13             @MULFF
0     17   1    0             @const673
0     84   7    5             @PSTRINGCN7_647
0    101   8    9             @PRINTF_LU_647
 Inline         5             @FTOSD
0     79   6   13             @DIV3232
0    226  18   13             @PRINTF_L32D_647FPFPF
 Inline         0             @cinit1

Program metrics:
    Functions               9
    Statements              108
    Comments                214
    Volume (V)              4908
    Difficulty (D)          36.9
    Effort to implement (E) 181080
    Time to implement (T)   2 hours, 48 minutes
    Est Delivered Bugs (B)  1
    Cyclomatic Complexity   8
    Maintainability (MI)    146

 Segment     Used  Free
-----------  ----  ----
00000-00003     4  0  
00004-00030    45  0  
00031-007FF  1202  797  
00800-00FFF     0  2048  
01000-017FF     0  2048  
01800-01FFF     0  2048  



