CCS PCH C Compiler, Version 5.007, 61971               12-Mar-24 16:16

               Filename:   C:\Users\Bengi\Desktop\uygulamalar\Mikroiþlemciler\5_bas_el_cek_buton\main.lst

               ROM used:   120 bytes (0%)
                           Largest free fragment is 32648
               RAM used:   5 (0%) at main() level
                           6 (0%) worst case
               Stack used: 0 locations
               Stack size: 31

*
0000:  GOTO   002C
.................... #include <main.h> 
.................... #include <18F452.h> 
.................... //////// Standard Header file for the PIC18F452 device //////////////// 
.................... #device PIC18F452 
....................  
.................... #list 
....................  
.................... #device ADC=16 
....................  
.................... #FUSES NOWDT                 	//No Watch Dog Timer 
.................... #FUSES WDT128                	//Watch Dog Timer uses 1:128 Postscale 
.................... #FUSES NOBROWNOUT            	//No brownout reset 
.................... #FUSES NOLVP                 	//No low voltage prgming, B3(PIC16) or B5(PIC18) used for I/O 
....................  
.................... #use delay(crystal=4000000) 
0004:  CLRF   FEA
0006:  MOVLW  06
0008:  MOVWF  FE9
000A:  MOVF   FEF,W
000C:  BZ    002A
000E:  MOVLW  01
0010:  MOVWF  01
0012:  CLRF   00
0014:  DECFSZ 00,F
0016:  BRA    0014
0018:  DECFSZ 01,F
001A:  BRA    0012
001C:  MOVLW  4A
001E:  MOVWF  00
0020:  DECFSZ 00,F
0022:  BRA    0020
0024:  BRA    0026
0026:  DECFSZ FEF,F
0028:  BRA    000E
002A:  RETURN 0
.................... #use FIXED_IO( B_outputs=PIN_B4 ) 
....................  
....................  
....................  
.................... void main() 
002C:  CLRF   FF8
002E:  BCF    FD0.7
0030:  BSF    FC1.0
0032:  BSF    FC1.1
0034:  BSF    FC1.2
0036:  BCF    FC1.3
.................... { 
....................    set_tris_b(0x00); 
0038:  MOVLW  00
003A:  MOVWF  F93
....................    set_tris_a(0xff); 
003C:  MOVLW  FF
003E:  MOVWF  F92
....................     
....................    int sayac; 
....................    output_b(0x00); 
0040:  MOVLW  EF
0042:  MOVWF  F93
0044:  CLRF   F8A
....................     
....................    while(TRUE) 
....................    { 
....................       for(sayac == 0; sayac < 5; sayac++) { 
0046:  MOVF   05,F
0048:  BZ    004C
004A:  MOVLW  00
004C:  MOVF   05,W
004E:  SUBLW  04
0050:  BNC   006E
....................          while(input(pin_A1) == 0); 
0052:  BSF    F92.1
0054:  BTFSS  F80.1
0056:  BRA    0052
....................          delay_ms(20); 
0058:  MOVLW  14
005A:  MOVWF  06
005C:  RCALL  0004
....................          while(input(pin_A1) == 1); 
005E:  BSF    F92.1
0060:  BTFSC  F80.1
0062:  BRA    005E
....................          delay_ms(20); 
0064:  MOVLW  14
0066:  MOVWF  06
0068:  RCALL  0004
006A:  INCF   05,F
006C:  BRA    004C
....................       } 
....................       output_high(pin_B4); 
006E:  MOVLW  EF
0070:  MOVWF  F93
0072:  BSF    F8A.4
0074:  BRA    0046
....................    } 
....................  
.................... } 
0076:  SLEEP 

Configuration Fuses:
   Word  1: 2100   XT NOOSCSEN
   Word  2: 0E0C   PUT NOBROWNOUT BORV20 NOWDT WDT128
   Word  3: 0100   CCP2C1
   Word  4: 0081   STVREN NOLVP NODEBUG
   Word  5: C00F   NOPROTECT NOCPB NOCPD
   Word  6: E00F   NOWRT NOWRTC NOWRTB NOWRTD
   Word  7: 400F   NOEBTR NOEBTRB
