
ROM used:   26/16384 (0%)
            26/16384 (0%) including unused fragments

            0.0 Average locations per line
            6.5 Average locations per statement

RAM used:   4/1536 (0%) at main() level
            4/1536 (0%) worst case

Stack used: 0 worst case (0 in main + 0 for interrupts)
Stack size: 31

Lines Stmts  %   Files
----- ----- ---  -----
   13     4 100  Led_yakma.c
  701     0   0  ..\..\..\..\Program Files (x86)\PICC\Devices\18f452.h
----- -----
  714     4 Total

Page ROM  %  RAM   Vol Diff  Functions:
---- --- --- ---   --- ----  ----------
0     22  42    0    54  1.5  main
 Inline         0             @cinit1

Program metrics:
    Functions               1
    Statements              4
    Comments                120
    Volume (V)              56
    Difficulty (D)          1.3
    Effort to implement (E) 74
    Time to implement (T)   0 minutes
    Est Delivered Bugs (B)  0
    Cyclomatic Complexity   1
    Maintainability (MI)    80

 Segment     Used  Free
-----------  ----  ----
00000-00002     4  0  
00004-07FFE    22  32742  



