
ROM used:   106/8192 (1%)
            106/8192 (1%) including unused fragments

            0.1 Average locations per line
            3.7 Average locations per statement

RAM used:   7/368 (2%) at main() level
            7/368 (2%) worst case

Stack used: 0 worst case (0 in main + 0 for interrupts)
Stack size: 8

Lines Stmts  %   Files
----- ----- ---  -----
   49    29 100  main.c
   11     0   0  main.h
  661     0   0  ..\..\..\..\..\..\Program Files (x86)\PICC\Devices\16F877A.h
----- -----
  721    29 Total

Page ROM  %  RAM   Vol Diff  Functions:
---- --- --- ---   --- ----  ----------
0     21  20    1             @delay_ms1
0     81  76    1   618  5.3  main
 Inline         0             @cinit1

Program metrics:
    Functions               1
    Statements              29
    Comments                113
    Volume (V)              624
    Difficulty (D)          5.0
    Effort to implement (E) 3144
    Time to implement (T)   3 minutes
    Est Delivered Bugs (B)  0
    Cyclomatic Complexity   3
    Maintainability (MI)    48

 Segment     Used  Free
-----------  ----  ----
00000-00003     4  0  
00004-007FF   102  1942  
00800-00FFF     0  2048  
01000-017FF     0  2048  
01800-01FFF     0  2048  



