CCS PCM C Compiler, Version 5.007, 61971               21-May-24 13:44

               Filename:   C:\Users\Bengi\Desktop\uygulamalar\Mikroiþlemciler\sayicit1\main.lst

               ROM used:   34 words (0%)
                           Largest free fragment is 2048
               RAM used:   6 (2%) at main() level
                           6 (2%) worst case
               Stack used: 0 locations
               Stack size: 8

*
0000:  MOVLW  00
0001:  MOVWF  0A
0002:  GOTO   004
0003:  NOP
.................... #include <main.h> 
.................... #include <16F877A.h> 
.................... //////// Standard Header file for the PIC16F877A device //////////////// 
.................... #device PIC16F877A 
....................  
.................... #list 
....................  
.................... #device ADC=16 
....................  
.................... #FUSES NOWDT                 	//No Watch Dog Timer 
.................... #FUSES NOBROWNOUT            	//No brownout reset 
.................... #FUSES NOLVP                 	//No low voltage prgming, B3(PIC16) or B5(PIC18) used for I/O 
....................  
.................... #use delay(crystal=4000000) 
.................... #use FIXED_IO( B_outputs=PIN_B7,PIN_B6,PIN_B5,PIN_B4,PIN_B3,PIN_B2,PIN_B1,PIN_B0 ) 
....................  
....................  
....................  
.................... #INT_TIMER1 
.................... int sayac; 
.................... void  TIMER1_isr(void)  
.................... { 
....................    sayac = sayac +1; 
....................    if(sayac == 16){ 
....................       sayac = 0; 
....................    } 
....................    output_b(sayac); 
....................    set_timer1(65531); 
.................... } 
....................  
.................... void main() 
0004:  BSF    03.5
0005:  BSF    1F.0
0006:  BSF    1F.1
0007:  BSF    1F.2
0008:  BCF    1F.3
0009:  MOVLW  07
000A:  MOVWF  1C
000B:  BCF    03.7
000C:  MOVLW  1F
000D:  ANDWF  03,F
.................... { 
....................    set_tris_b(0x00); 
000E:  MOVLW  00
000F:  MOVWF  06
....................    output_b(0x00); 
0010:  CLRF   06
0011:  BCF    03.5
0012:  CLRF   06
....................    setup_timer_1(T1_EXTERNAL|T1_DIV_BY_1);      //65,5 ms overflow 
0013:  MOVLW  87
0014:  MOVWF  10
....................  
....................    sayac = 0; 
0015:  CLRF   20
....................    set_timer1(65531); 
0016:  CLRF   0E
0017:  MOVLW  FF
0018:  MOVWF  0F
0019:  MOVLW  FB
001A:  MOVWF  0E
....................  
....................    enable_interrupts(INT_TIMER1); 
001B:  BSF    03.5
001C:  BSF    0C.0
....................    enable_interrupts(GLOBAL); 
001D:  MOVLW  C0
001E:  BCF    03.5
001F:  IORWF  0B,F
....................  
....................    while(TRUE) 
....................    { 
0020:  GOTO   020
....................       //TODO: User Code 
....................    } 
....................  
.................... } 
0021:  SLEEP

Configuration Fuses:
   Word  1: 3F31   XT NOWDT PUT NOBROWNOUT NOLVP NOCPD NOWRT NODEBUG NOPROTECT
