
ROM used:   34/8192 (0%)
            34/8192 (0%) including unused fragments

            0.0 Average locations per line
            2.3 Average locations per statement

RAM used:   6/368 (2%) at main() level
            6/368 (2%) worst case

Stack used: 0 worst case (0 in main + 0 for interrupts)
Stack size: 8

Lines Stmts  %   Files
----- ----- ---  -----
   33    15 100  main.c
   11     0   0  main.h
  661     0   0  ..\..\..\..\..\..\Program Files (x86)\PICC\Devices\16F877A.h
----- -----
  705    15 Total

Page ROM  %  RAM   Vol Diff  Functions:
---- --- --- ---   --- ----  ----------
0     30  88    0   165  2.7  MAIN
 Inline         0             @cinit1

Program metrics:
    Functions               1
    Statements              15
    Comments                112
    Volume (V)              167
    Difficulty (D)          2.5
    Effort to implement (E) 422
    Time to implement (T)   0 minutes
    Est Delivered Bugs (B)  0
    Cyclomatic Complexity   1
    Maintainability (MI)    69

 Segment     Used  Free
-----------  ----  ----
00000-00003     4  0  
00004-007FF    30  2014  
00800-00FFF     0  2048  
01000-017FF     0  2048  
01800-01FFF     0  2048  



