
ROM used:   140/8192 (2%)
            140/8192 (2%) including unused fragments

            0.2 Average locations per line
            7.0 Average locations per statement

RAM used:   13/368 (4%) at main() level
            15/368 (4%) worst case

Stack used: 1 worst case (0 in main + 1 for interrupts)
Stack size: 8

Lines Stmts  %   Files
----- ----- ---  -----
   39    20 100  main.c
   11     0   0  main.h
  661     0   0  ..\..\..\..\Program Files (x86)\PICC\Devices\16F877A.h
----- -----
  711    20 Total

Page ROM  %  RAM   Vol Diff  Functions:
---- --- --- ---   --- ----  ----------
0     21  15    1             @delay_ms1
0     38  27    0   274  4.6  TIMER1_isr
0     32  23    0   165  2.7  MAIN
 Inline         0             @cinit1

Program metrics:
    Functions               2
    Statements              20
    Comments                112
    Volume (V)              530
    Difficulty (D)          7.0
    Effort to implement (E) 3686
    Time to implement (T)   3 minutes
    Est Delivered Bugs (B)  0
    Cyclomatic Complexity   2
    Maintainability (MI)    63

 Segment     Used  Free
-----------  ----  ----
00000-00003     4  0  
00004-00030    45  0  
00031-007FF    91  1908  
00800-00FFF     0  2048  
01000-017FF     0  2048  
01800-01FFF     0  2048  



