
ROM used:   58/16384 (0%)
            58/16384 (0%) including unused fragments

            0.1 Average locations per line
            4.8 Average locations per statement

RAM used:   5/1536 (0%) at main() level
            5/1536 (0%) worst case

Stack used: 0 worst case (0 in main + 0 for interrupts)
Stack size: 31

Lines Stmts  %   Files
----- ----- ---  -----
   21    12 100  iki_dugme.c
   12     0   0  iki_dugme.h
  701     0   0  ..\..\..\..\Program Files (x86)\PICC\Devices\18F452.h
----- -----
  734    12 Total

Page ROM  %  RAM   Vol Diff  Functions:
---- --- --- ---   --- ----  ----------
0     54  47    1   207  3.1  main
 Inline         0             @cinit1

Program metrics:
    Functions               1
    Statements              12
    Comments                118
    Volume (V)              209
    Difficulty (D)          3.0
    Effort to implement (E) 622
    Time to implement (T)   1 minutes
    Est Delivered Bugs (B)  0
    Cyclomatic Complexity   2
    Maintainability (MI)    57

 Segment     Used  Free
-----------  ----  ----
00000-00002     4  0  
00004-07FFE    54  32710  



