
ROM used:   123/8192 (2%)
            123/8192 (2%) including unused fragments

            0.2 Average locations per line
            7.7 Average locations per statement

RAM used:   13/368 (4%) at main() level
            14/368 (4%) worst case

Stack used: 1 worst case (0 in main + 1 for interrupts)
Stack size: 8

Lines Stmts  %   Files
----- ----- ---  -----
   33    16 100  main.c
   11     0   0  main.h
  661     0   0  ..\..\..\..\Program Files (x86)\PICC\Devices\16F877A.h
----- -----
  705    16 Total

Page ROM  %  RAM   Vol Diff  Functions:
---- --- --- ---   --- ----  ----------
 Inline         1             @delay_ms1
0     42  34    0   140  3.1  TIMER1_isr
0     32  26    0   165  2.7  MAIN
 Inline         0             @cinit1

Program metrics:
    Functions               2
    Statements              16
    Comments                112
    Volume (V)              376
    Difficulty (D)          5.4
    Effort to implement (E) 2038
    Time to implement (T)   2 minutes
    Est Delivered Bugs (B)  0
    Cyclomatic Complexity   1
    Maintainability (MI)    69

 Segment     Used  Free
-----------  ----  ----
00000-00003     4  0  
00004-00030    45  0  
00031-007FF    74  1925  
00800-00FFF     0  2048  
01000-017FF     0  2048  
01800-01FFF     0  2048  



