
ROM used:   1130/8192 (14%)
            1130/8192 (14%) including unused fragments

            1.0 Average locations per line
            11.1 Average locations per statement

RAM used:   15/368 (4%) at main() level
            37/368 (10%) worst case

Stack used: 0 worst case (0 in main + 0 for interrupts)
Stack size: 8

Lines Stmts  %   Files
----- ----- ---  -----
   34    18  18  main.c
   12     0   0  main.h
  661     0   0  ..\..\..\..\..\..\Program Files (x86)\PICC\Devices\16F877A.h
  456    84  82  ..\..\..\..\..\..\Program Files (x86)\PICC\Drivers\lcd.c
----- -----
 1163   102 Total

Page ROM  %  RAM   Vol Diff  Functions:
---- --- --- ---   --- ----  ----------
0     21   2    1             @delay_ms1
0      8   1    0   130  2.2  @const629
 Inline         3   596  5.9  lcd_read_byte
0      6   1    0    59  4.2  lcd_read_nibble
0     12   1    1   179  3.3  lcd_send_nibble
0     64   6    3   460  4.7  lcd_send_byte
0     51   5    2   667  5.9  lcd_init
0     18   2    4   208  6.3  lcd_gotoxy
0     44   4    1   354  4.7  lcd_putc
0    150  13    4   460  4.5  MAIN
0     31   3    2             @ITOF
0    117  10   13             @MULFF
0    204  18   14             @DIVFF
0      9   1    0             @const672
0     86   8    5             @PSTRINGCN7_647
 Inline         5             @FTOSD
0     79   7   13             @DIV3232
0    226  20   13             @PRINTF_L32D_647FPFPF
 Inline         0             @cinit1

Program metrics:
    Functions               9
    Statements              102
    Comments                214
    Volume (V)              4862
    Difficulty (D)          39.4
    Effort to implement (E) 191392
    Time to implement (T)   2 hours, 57 minutes
    Est Delivered Bugs (B)  1
    Cyclomatic Complexity   8
    Maintainability (MI)    147

 Segment     Used  Free
-----------  ----  ----
00000-00003     4  0  
00004-007FF  1126  918  
00800-00FFF     0  2048  
01000-017FF     0  2048  
01800-01FFF     0  2048  



