
ROM used:   156/16384 (0%)
            156/16384 (0%) including unused fragments

            0.2 Average locations per line
            17.3 Average locations per statement

RAM used:   14/1536 (1%) at main() level
            15/1536 (1%) worst case

Stack used: 0 worst case (0 in main + 0 for interrupts)
Stack size: 31

Lines Stmts  %   Files
----- ----- ---  -----
   23     9 100  2204.c
   12     0   0  2204.h
  701     0   0  ..\..\..\..\..\..\Program Files (x86)\PICC\Devices\18F452.h
----- -----
  736     9 Total

Page ROM  %  RAM   Vol Diff  Functions:
---- --- --- ---   --- ----  ----------
0     42  13    1             @delay_ms1
0    110  35    1   197  4.0  main
 Inline         0             @cinit1

Program metrics:
    Functions               1
    Statements              9
    Comments                118
    Volume (V)              201
    Difficulty (D)          3.6
    Effort to implement (E) 733
    Time to implement (T)   1 minutes
    Est Delivered Bugs (B)  0
    Cyclomatic Complexity   1
    Maintainability (MI)    63

 Segment     Used  Free
-----------  ----  ----
00000-00002     4  0  
00004-07FFE   152  32612  



