CCS PCH C Compiler, Version 5.007, 61971               22-Nis-24 15:35

               Filename:   C:\Users\Bengi\Desktop\uygulamalar\Mikroiþlemciler\2204Step\2204.lst

               ROM used:   156 bytes (0%)
                           Largest free fragment is 32612
               RAM used:   14 (1%) at main() level
                           15 (1%) worst case
               Stack used: 0 locations
               Stack size: 31

*
0000:  GOTO   002E
.................... #include <2204.h> 
.................... #include <18F452.h> 
.................... //////// Standard Header file for the PIC18F452 device //////////////// 
.................... #device PIC18F452 
....................  
.................... #list 
....................  
.................... #device ADC=16 
....................  
.................... #FUSES NOWDT                 	//No Watch Dog Timer 
.................... #FUSES WDT128                	//Watch Dog Timer uses 1:128 Postscale 
.................... #FUSES NOBROWNOUT            	//No brownout reset 
.................... #FUSES NOLVP                 	//No low voltage prgming, B3(PIC16) or B5(PIC18) used for I/O 
....................  
.................... #use delay(crystal=4000000) 
0004:  CLRF   FEA
0006:  MOVLW  0E
0008:  MOVWF  FE9
000A:  MOVF   FEF,W
000C:  BZ    002A
000E:  MOVLW  01
0010:  MOVWF  01
0012:  CLRF   00
0014:  DECFSZ 00,F
0016:  BRA    0014
0018:  DECFSZ 01,F
001A:  BRA    0012
001C:  MOVLW  4A
001E:  MOVWF  00
0020:  DECFSZ 00,F
0022:  BRA    0020
0024:  BRA    0026
0026:  DECFSZ FEF,F
0028:  BRA    000E
002A:  GOTO   0090 (RETURN)
.................... #use FIXED_IO( C_outputs=PIN_C7,PIN_C6,PIN_C5,PIN_C4,PIN_C3,PIN_C2,PIN_C1,PIN_C0 ) 
....................  
....................  
....................  
.................... int sayac; 
....................  
.................... int smotor[8] = {0x01, 0x03, 0x02, 0x06, 0x04, 0x0C, 0x08, 0x09}; 
....................  
....................  
.................... void main() 
002E:  CLRF   FF8
0030:  BCF    FD0.7
0032:  BSF    FC1.0
0034:  BSF    FC1.1
0036:  BSF    FC1.2
0038:  BCF    FC1.3
003A:  MOVLW  01
003C:  MOVWF  05
003E:  MOVLW  03
0040:  MOVWF  06
0042:  MOVLW  02
0044:  MOVWF  07
0046:  MOVLW  06
0048:  MOVWF  08
004A:  MOVLW  04
004C:  MOVWF  09
004E:  MOVLW  0C
0050:  MOVWF  0A
0052:  MOVLW  08
0054:  MOVWF  0B
0056:  MOVLW  09
0058:  MOVWF  0C
.................... { 
....................    set_tris_a(0xff); 
005A:  MOVLW  FF
005C:  MOVWF  F92
....................    set_tris_c(0x00); 
005E:  MOVLW  00
0060:  MOVWF  F94
....................     
....................    output_c(0x00); 
0062:  CLRF   F94
0064:  CLRF   F8B
....................    while(TRUE) 
....................    { 
....................       for(sayac = 0; sayac<8; sayac++) { 
0066:  CLRF   04
0068:  MOVF   04,W
006A:  SUBLW  07
006C:  BNC   0098
....................          output_c(smotor[sayac]); 
006E:  CLRF   03
0070:  MOVF   04,W
0072:  ADDLW  05
0074:  MOVWF  FE9
0076:  MOVLW  00
0078:  ADDWFC 03,W
007A:  MOVWF  FEA
007C:  MOVFF  FEF,0D
0080:  CLRF   F94
0082:  MOVFF  0D,F8B
....................          delay_ms(500); 
0086:  MOVLW  02
0088:  MOVWF  0D
008A:  MOVLW  FA
008C:  MOVWF  0E
008E:  BRA    0004
0090:  DECFSZ 0D,F
0092:  BRA    008A
0094:  INCF   04,F
0096:  BRA    0068
....................       } 
0098:  BRA    0066
....................    } 
....................  
.................... } 
009A:  SLEEP 

Configuration Fuses:
   Word  1: 2100   XT NOOSCSEN
   Word  2: 0E0C   PUT NOBROWNOUT BORV20 NOWDT WDT128
   Word  3: 0100   CCP2C1
   Word  4: 0081   STVREN NOLVP NODEBUG
   Word  5: C00F   NOPROTECT NOCPB NOCPD
   Word  6: E00F   NOWRT NOWRTC NOWRTB NOWRTD
   Word  7: 400F   NOEBTR NOEBTRB
