
ROM used:   143/8192 (2%)
            143/8192 (2%) including unused fragments

            0.2 Average locations per line
            5.5 Average locations per statement

RAM used:   8/368 (2%) at main() level
            9/368 (2%) worst case

Stack used: 0 worst case (0 in main + 0 for interrupts)
Stack size: 8

Lines Stmts  %   Files
----- ----- ---  -----
   41    26 100  main.c
   12     0   0  main.h
  661     0   0  ..\..\..\..\..\..\Program Files (x86)\PICC\Devices\16F877A.h
----- -----
  714    26 Total

Page ROM  %  RAM   Vol Diff  Functions:
---- --- --- ---   --- ----  ----------
0     21  15    1             @delay_ms1
0    118  83    1   632  4.8  main
 Inline         0             @cinit1

Program metrics:
    Functions               1
    Statements              26
    Comments                110
    Volume (V)              637
    Difficulty (D)          4.6
    Effort to implement (E) 2940
    Time to implement (T)   3 minutes
    Est Delivered Bugs (B)  0
    Cyclomatic Complexity   2
    Maintainability (MI)    58

 Segment     Used  Free
-----------  ----  ----
00000-00003     4  0  
00004-007FF   139  1905  
00800-00FFF     0  2048  
01000-017FF     0  2048  
01800-01FFF     0  2048  



