
ROM used:   550/16384 (2%)
            550/16384 (2%) including unused fragments

            0.7 Average locations per line
            32.4 Average locations per statement

RAM used:   75/1536 (5%) at main() level
            80/1536 (5%) worst case

Stack used: 0 worst case (0 in main + 0 for interrupts)
Stack size: 31

Lines Stmts  %   Files
----- ----- ---  -----
   46    17 100  main.c
   13     0   0  main.h
  701     0   0  ..\..\..\..\..\..\Program Files (x86)\PICC\Devices\18F452.h
----- -----
  760    17 Total

Page ROM  %  RAM   Vol Diff  Functions:
---- --- --- ---   --- ----  ----------
0     40   4    1             @delay_ms1
0    398  36    2   512  5.7  main
0     40   4    3             @DIV88
0     68   6    5   270  2.3  @DIV1616
 Inline         0             @cinit1

Program metrics:
    Functions               2
    Statements              17
    Comments                123
    Volume (V)              926
    Difficulty (D)          7.7
    Effort to implement (E) 7106
    Time to implement (T)   7 minutes
    Est Delivered Bugs (B)  0
    Cyclomatic Complexity   1
    Maintainability (MI)    84

 Segment     Used  Free
-----------  ----  ----
00000-00002     4  0  
00004-07FFE   546  32218  



